0 info it worked if it ends with ok
1 verbose cli [ '/Users/jessebowden/.nvm/versions/node/v6.5.0/bin/node',
1 verbose cli   '/Users/jessebowden/.nvm/versions/node/v6.5.0/bin/npm',
1 verbose cli   'publish' ]
2 info using npm@3.10.3
3 info using node@v6.5.0
4 verbose publish [ '.' ]
5 silly cache add args [ '.', null ]
6 verbose cache add spec .
7 silly cache add parsed spec Result {
7 silly cache add   raw: '.',
7 silly cache add   scope: null,
7 silly cache add   escapedName: null,
7 silly cache add   name: null,
7 silly cache add   rawSpec: '.',
7 silly cache add   spec: '/Users/jessebowden/personal/cycle-socketcluster',
7 silly cache add   type: 'directory' }
8 verbose addLocalDirectory /Users/jessebowden/.npm/cycle-socketcluster/1.0.0/package.tgz not in flight; packing
9 verbose correctMkdir /Users/jessebowden/.npm correctMkdir not in flight; initializing
10 info lifecycle cycle-socketcluster@1.0.0~prepublish: cycle-socketcluster@1.0.0
11 verbose lifecycle cycle-socketcluster@1.0.0~prepublish: unsafe-perm in lifecycle true
12 verbose lifecycle cycle-socketcluster@1.0.0~prepublish: PATH: /Users/jessebowden/.nvm/versions/node/v6.5.0/lib/node_modules/npm/bin/node-gyp-bin:/Users/jessebowden/personal/cycle-socketcluster/node_modules/.bin:/Users/jessebowden/.nvm/versions/node/v6.5.0/bin:/Users/jessebowden/google-cloud-sdk/bin:/Users/jessebowden/predictionio/bin:/opt/local/bin:/opt/local/sbin:/Users/jessebowden/.sdkman/candidates/gradle/current/bin:/Users/jessebowden/.nvm/versions/node/v6.5.0/bin:/usr/local/bin:/usr/bin:/bin:/usr/sbin:/sbin:/opt/X11/bin:/usr/local/go/bin:/usr/local/opt/gettext/bin:/usr/local/opt/go/libexec/bin:/Users/jessebowden/predictionio/bin
13 verbose lifecycle cycle-socketcluster@1.0.0~prepublish: CWD: /Users/jessebowden/personal/cycle-socketcluster
14 silly lifecycle cycle-socketcluster@1.0.0~prepublish: Args: [ '-c', 'npm run build' ]
15 silly lifecycle cycle-socketcluster@1.0.0~prepublish: Returned: code: 0  signal: null
16 verbose tar pack [ '/Users/jessebowden/.npm/cycle-socketcluster/1.0.0/package.tgz',
16 verbose tar pack   '/Users/jessebowden/personal/cycle-socketcluster' ]
17 verbose tarball /Users/jessebowden/.npm/cycle-socketcluster/1.0.0/package.tgz
18 verbose folder /Users/jessebowden/personal/cycle-socketcluster
19 verbose addLocalTarball adding from inside cache /Users/jessebowden/.npm/cycle-socketcluster/1.0.0/package.tgz
20 verbose correctMkdir /Users/jessebowden/.npm correctMkdir not in flight; initializing
21 silly cache afterAdd cycle-socketcluster@1.0.0
22 verbose afterAdd /Users/jessebowden/.npm/cycle-socketcluster/1.0.0/package/package.json not in flight; writing
23 verbose correctMkdir /Users/jessebowden/.npm correctMkdir not in flight; initializing
24 verbose afterAdd /Users/jessebowden/.npm/cycle-socketcluster/1.0.0/package/package.json written
25 silly publish { name: 'cycle-socketcluster',
25 silly publish   version: '1.0.0',
25 silly publish   description: '',
25 silly publish   main: 'dist',
25 silly publish   files: [ 'dist' ],
25 silly publish   dependencies: { 'socketcluster-client': '^5.0.9', xstream: '^6.2.0' },
25 silly publish   devDependencies:
25 silly publish    { 'babel-cli': '^6.14.0',
25 silly publish      'babel-preset-es2015': '^6.14.0',
25 silly publish      'babel-preset-stage-0': '^6.5.0' },
25 silly publish   scripts:
25 silly publish    { test: 'echo "Error: no test specified" && exit 1',
25 silly publish      build: 'babel src --out-dir dist',
25 silly publish      prepublish: 'npm run build' },
25 silly publish   repository:
25 silly publish    { type: 'git',
25 silly publish      url: 'git+https://github.com/jbowden1982/cycle-socketcluster.git' },
25 silly publish   keywords: [ 'cyclejs', 'reactive', 'cycle.js', 'drivers' ],
25 silly publish   author: { name: 'Jesse Bowden' },
25 silly publish   license: 'ISC',
25 silly publish   bugs: { url: 'https://github.com/jbowden1982/cycle-socketcluster/issues' },
25 silly publish   homepage: 'https://github.com/jbowden1982/cycle-socketcluster#readme',
25 silly publish   gitHead: 'fcbc943684be94afdd6a26b3d08a9a648b6759aa',
25 silly publish   readme: 'ERROR: No README data found!',
25 silly publish   _id: 'cycle-socketcluster@1.0.0',
25 silly publish   _shasum: 'c3205ef2454587ec5d7cc05fce609a0b9278aa29',
25 silly publish   _from: '.' }
26 verbose getPublishConfig undefined
27 silly mapToRegistry name cycle-socketcluster
28 silly mapToRegistry using default registry
29 silly mapToRegistry registry https://registry.npmjs.org/
30 silly mapToRegistry data Result {
30 silly mapToRegistry   raw: 'cycle-socketcluster',
30 silly mapToRegistry   scope: null,
30 silly mapToRegistry   escapedName: 'cycle-socketcluster',
30 silly mapToRegistry   name: 'cycle-socketcluster',
30 silly mapToRegistry   rawSpec: '',
30 silly mapToRegistry   spec: 'latest',
30 silly mapToRegistry   type: 'tag' }
31 silly mapToRegistry uri https://registry.npmjs.org/cycle-socketcluster
32 verbose publish registryBase https://registry.npmjs.org/
33 silly publish uploading /Users/jessebowden/.npm/cycle-socketcluster/1.0.0/package.tgz
34 verbose stack Error: auth required for publishing
34 verbose stack     at CachingRegistryClient.publish (/Users/jessebowden/.nvm/versions/node/v6.5.0/lib/node_modules/npm/node_modules/npm-registry-client/lib/publish.js:30:14)
34 verbose stack     at /Users/jessebowden/.nvm/versions/node/v6.5.0/lib/node_modules/npm/lib/publish.js:138:14
34 verbose stack     at mapToRegistry (/Users/jessebowden/.nvm/versions/node/v6.5.0/lib/node_modules/npm/lib/utils/map-to-registry.js:62:3)
34 verbose stack     at publish_ (/Users/jessebowden/.nvm/versions/node/v6.5.0/lib/node_modules/npm/lib/publish.js:107:3)
34 verbose stack     at Array.<anonymous> (/Users/jessebowden/.nvm/versions/node/v6.5.0/lib/node_modules/npm/node_modules/slide/lib/bind-actor.js:15:8)
34 verbose stack     at LOOP (/Users/jessebowden/.nvm/versions/node/v6.5.0/lib/node_modules/npm/node_modules/slide/lib/chain.js:15:14)
34 verbose stack     at LOOP (/Users/jessebowden/.nvm/versions/node/v6.5.0/lib/node_modules/npm/node_modules/slide/lib/chain.js:14:28)
34 verbose stack     at chain (/Users/jessebowden/.nvm/versions/node/v6.5.0/lib/node_modules/npm/node_modules/slide/lib/chain.js:20:5)
34 verbose stack     at /Users/jessebowden/.nvm/versions/node/v6.5.0/lib/node_modules/npm/lib/publish.js:73:5
34 verbose stack     at RES (/Users/jessebowden/.nvm/versions/node/v6.5.0/lib/node_modules/npm/node_modules/inflight/inflight.js:23:14)
35 verbose cwd /Users/jessebowden/personal/cycle-socketcluster
36 error Darwin 16.0.0
37 error argv "/Users/jessebowden/.nvm/versions/node/v6.5.0/bin/node" "/Users/jessebowden/.nvm/versions/node/v6.5.0/bin/npm" "publish"
38 error node v6.5.0
39 error npm  v3.10.3
40 error code ENEEDAUTH
41 error need auth auth required for publishing
42 error need auth You need to authorize this machine using `npm adduser`
43 verbose exit [ 1, true ]
